C51 COMPILER V9.01   BT3_C                                                                 04/17/2020 22:54:54 PAGE 1   


C51 COMPILER V9.01, COMPILATION OF MODULE BT3_C
OBJECT MODULE PLACED IN BT3_c.OBJ
COMPILER INVOKED BY: E:\Keil\C51\BIN\C51.EXE BT3_c.C BROWSE DEBUG OBJECTEXTEND

line level    source

   1          #include<at89x51.h>                      //khai báo thu vi?n cho 89c51
   2          void send(unsigned char a);           //khai báo nguyên m?u hàm g?i 1 ký t?
   3          main()                                                            //Chuong trình chính
   4          {
   5   1                  TMOD=0x20;                       //Ch?n Timer1, ch? d? 2
   6   1                  TH1=0xFA;                           //Cài d?t t?c d? 4800 baud
   7   1                  SCON=0x50;                                    //0101 0000: Ch?n ch? d? 1, Cho phép nh?n
   8   1                  TR1=1;                                   //Kh?i d?ng Timer1
   9   1      
  10   1                  while(1)                                 //Vòng l?p vô h?n
  11   1                  {
  12   2                              send('D');                   //G?i hàm g?i 1 ký t? lên máy tính
  13   2                  }
  14   1      }
  15          void send(unsigned char a)                        //Ð?nh nghia hàm g?i 1 ký t?
  16          {
  17   1                  SBUF=a;                                //Ghi 1 byte d? li?u vào thanh ghi SBUF
  18   1                  while(TI==0){}                    //vòng l?p d? d?i c? truy?n TI lên 1
  19   1                  TI=0;                                      //Xóa c? truy?n TI sau khi truy?n xong
  20   1      }


MODULE INFORMATION:   STATIC OVERLAYABLE
   CODE SIZE        =     26    ----
   CONSTANT SIZE    =   ----    ----
   XDATA SIZE       =   ----    ----
   PDATA SIZE       =   ----    ----
   DATA SIZE        =   ----    ----
   IDATA SIZE       =   ----    ----
   BIT SIZE         =   ----    ----
END OF MODULE INFORMATION.


C51 COMPILATION COMPLETE.  0 WARNING(S),  0 ERROR(S)
